Using pre-set license
Built from '2020.2/staging' branch; Version is '2020.2.6f1 (8a2143876886) revision 9052483'; Using compiler version '192528614'; Build Type 'Release'
OS: 'Windows 8.1  (6.3.0) 64bit' Language: 'ru' Physical Memory: 8191 MB
BatchMode: 1, IsHumanControllingUs: 0, StartBugReporterOnCrash: 0, Is64bit: 1, IsPro: 0

 COMMAND LINE ARGUMENTS:
D:\Unity\Editor\2020.2.6f1\Editor\Unity.exe
-adb2
-batchMode
-noUpm
-name
AssetImportWorker0
-projectPath
C:/Users/Евгений/Documents/match3 TZ
-logFile
Logs/AssetImportWorker0.log
-srvPort
64436
Successfully changed project path to: C:/Users/Евгений/Documents/match3 TZ
C:/Users/Евгений/Documents/match3 TZ
Using Asset Import Pipeline V2.
Refreshing native plugins compatible for Editor in 72.90 ms, found 0 plugins.
Preloading 0 native plugins for Editor in 0.00 ms.
Initialize engine version: 2020.2.6f1 (8a2143876886)
[Subsystems] Discovering subsystems at path D:/Unity/Editor/2020.2.6f1/Editor/Data/Resources/UnitySubsystems
[Subsystems] Discovering subsystems at path C:/Users/Евгений/Documents/match3 TZ/Assets
GfxDevice: creating device client; threaded=0
d3d11: QueryInterface(IDXGIFactory5) failed (80004002).
Direct3D:
    Version:  Direct3D 11.0 [level 11.0]
    Renderer: NVIDIA GeForce GT 630 (ID=0xf00)
    Vendor:   
    VRAM:     1984 MB
    Driver:   23.21.13.8859
Initialize mono
Mono path[0] = 'D:/Unity/Editor/2020.2.6f1/Editor/Data/Managed'
Mono path[1] = 'D:/Unity/Editor/2020.2.6f1/Editor/Data/MonoBleedingEdge/lib/mono/unityjit'
Mono config path = 'D:/Unity/Editor/2020.2.6f1/Editor/Data/MonoBleedingEdge/etc'
Using monoOptions --debugger-agent=transport=dt_socket,embedding=1,server=y,suspend=n,address=127.0.0.1:56144
Begin MonoManager ReloadAssembly
Registering precompiled unity dll's ...
Register platform support module: D:/Unity/Editor/2020.2.6f1/Editor/Data/PlaybackEngines/WindowsStandaloneSupport/UnityEditor.WindowsStandalone.Extensions.dll
Registered in 0.006881 seconds.
Native extension for WindowsStandalone target not found
Refreshing native plugins compatible for Editor in 85.20 ms, found 0 plugins.
Preloading 0 native plugins for Editor in 0.00 ms.
Invoked RoslynAnalysisRunner static constructor.
RoslynAnalysisRunner will not be running.
RoslynAnalysisRunner has terminated.
Mono: successfully reloaded assembly
- Completed reload, in  4.305 seconds
Platform modules already initialized, skipping
Registering precompiled user dll's ...
Registered in 0.004591 seconds.
Begin MonoManager ReloadAssembly
Native extension for WindowsStandalone target not found
Refreshing native plugins compatible for Editor in 0.74 ms, found 0 plugins.
Preloading 0 native plugins for Editor in 0.00 ms.
Invoked RoslynAnalysisRunner static constructor.
RoslynAnalysisRunner will not be running.
RoslynAnalysisRunner has terminated.
Mono: successfully reloaded assembly
- Completed reload, in  2.289 seconds
Platform modules already initialized, skipping
========================================================================
Worker process is ready to serve import requests
Launched and connected shader compiler UnityShaderCompiler.exe after 0.06 seconds
Refreshing native plugins compatible for Editor in 0.77 ms, found 0 plugins.
Preloading 0 native plugins for Editor in 0.00 ms.
Unloading 1407 Unused Serialized files (Serialized files now loaded: 0)
System memory in use before: 64.6 MB.
System memory in use after: 64.6 MB.

Unloading 33 unused Assets to reduce memory usage. Loaded Objects now: 1834.
Total: 3.727609 ms (FindLiveObjects: 0.416335 ms CreateObjectMapping: 0.112639 ms MarkObjects: 3.049347 ms  DeleteObjects: 0.146862 ms)

========================================================================
Received Import Request.
  path: Assets/Scripts/Board.cs
  artifactKey: Guid(3274ed8d36f3d744da9d2d891b0bc283) Importer(815301076,1909f56bfc062723c751e8b465ee728b)
Start importing Assets/Scripts/Board.cs using Guid(3274ed8d36f3d744da9d2d891b0bc283) Importer(815301076,1909f56bfc062723c751e8b465ee728b)  -> (artifact id: '0f4ffcea209cc52a6746a62b8bff6885') in 0.040278 seconds
  Import took 0.053953 seconds .

========================================================================
Received Prepare
Refreshing native plugins compatible for Editor in 20.94 ms, found 0 plugins.
Preloading 0 native plugins for Editor in 0.00 ms.
Unloading 22 Unused Serialized files (Serialized files now loaded: 0)
System memory in use before: 37.0 MB.
System memory in use after: 37.1 MB.

Unloading 22 unused Assets to reduce memory usage. Loaded Objects now: 1834.
Total: 4.168196 ms (FindLiveObjects: 0.352470 ms CreateObjectMapping: 0.095124 ms MarkObjects: 3.687188 ms  DeleteObjects: 0.031259 ms)

AssetImportWorkerClient::OnTransportError - code=2 error=End of file
